This is pdfTeX, Version 3.141592653-2.6-1.40.25 (MiKTeX 24.1) (preloaded format=pdflatex 2025.4.16)  7 OCT 2025 16:17
entering extended mode
 restricted \write18 enabled.
 %&-line parsing enabled.
**./phase3/turing_machines/out/tm_steps.tex
(phase3/turing_machines/out/tm_steps.tex
LaTeX2e <2023-11-01> patch level 1
L3 programming layer <2024-01-04>

(C:\Users\william.gregory\AppData\Local\Programs\MiKTeX\tex/latex/base\article.
cls
Document Class: article 2023/05/17 v1.4n Standard LaTeX document class

(C:\Users\william.gregory\AppData\Local\Programs\MiKTeX\tex/latex/base\size10.c
lo
File: size10.clo 2023/05/17 v1.4n Standard LaTeX file (size option)
)
\c@part=\count187
\c@section=\count188
\c@subsection=\count189
\c@subsubsection=\count190
\c@paragraph=\count191
\c@subparagraph=\count192
\c@figure=\count193
\c@table=\count194
\abovecaptionskip=\skip48
\belowcaptionskip=\skip49
\bibindent=\dimen140
)
(C:\Users\william.gregory\AppData\Local\Programs\MiKTeX\tex/latex/geometry\geom
etry.sty
Package: geometry 2020/01/02 v5.9 Page Geometry

(C:\Users\william.gregory\AppData\Local\Programs\MiKTeX\tex/latex/graphics\keyv
al.sty
Package: keyval 2022/05/29 v1.15 key=value parser (DPC)
\KV@toks@=\toks17
)
(C:\Users\william.gregory\AppData\Local\Programs\MiKTeX\tex/generic/iftex\ifvte
x.sty
Package: ifvtex 2019/10/25 v1.7 ifvtex legacy package. Use iftex instead.

(C:\Users\william.gregory\AppData\Local\Programs\MiKTeX\tex/generic/iftex\iftex
.sty
Package: iftex 2022/02/03 v1.0f TeX engine tests
))
\Gm@cnth=\count195
\Gm@cntv=\count196
\c@Gm@tempcnt=\count197
\Gm@bindingoffset=\dimen141
\Gm@wd@mp=\dimen142
\Gm@odd@mp=\dimen143
\Gm@even@mp=\dimen144
\Gm@layoutwidth=\dimen145
\Gm@layoutheight=\dimen146
\Gm@layouthoffset=\dimen147
\Gm@layoutvoffset=\dimen148
\Gm@dimlist=\toks18

(C:\Users\william.gregory\AppData\Local\Programs\MiKTeX\tex/latex/geometry\geom
etry.cfg))
(C:\Users\william.gregory\AppData\Local\Programs\MiKTeX\tex/latex/amsmath\amsma
th.sty
Package: amsmath 2023/05/13 v2.17o AMS math features
\@mathmargin=\skip50

For additional information on amsmath, use the `?' option.

(C:\Users\william.gregory\AppData\Local\Programs\MiKTeX\tex/latex/amsmath\amste
xt.sty
Package: amstext 2021/08/26 v2.01 AMS text

(C:\Users\william.gregory\AppData\Local\Programs\MiKTeX\tex/latex/amsmath\amsge
n.sty
File: amsgen.sty 1999/11/30 v2.0 generic functions
\@emptytoks=\toks19
\ex@=\dimen149
))
(C:\Users\william.gregory\AppData\Local\Programs\MiKTeX\tex/latex/amsmath\amsbs
y.sty
Package: amsbsy 1999/11/29 v1.2d Bold Symbols
\pmbraise@=\dimen150
)
(C:\Users\william.gregory\AppData\Local\Programs\MiKTeX\tex/latex/amsmath\amsop
n.sty
Package: amsopn 2022/04/08 v2.04 operator names
)
\inf@bad=\count198
LaTeX Info: Redefining \frac on input line 234.
\uproot@=\count199
\leftroot@=\count266
LaTeX Info: Redefining \overline on input line 399.
LaTeX Info: Redefining \colon on input line 410.
\classnum@=\count267
\DOTSCASE@=\count268
LaTeX Info: Redefining \ldots on input line 496.
LaTeX Info: Redefining \dots on input line 499.
LaTeX Info: Redefining \cdots on input line 620.
\Mathstrutbox@=\box51
\strutbox@=\box52
LaTeX Info: Redefining \big on input line 722.
LaTeX Info: Redefining \Big on input line 723.
LaTeX Info: Redefining \bigg on input line 724.
LaTeX Info: Redefining \Bigg on input line 725.
\big@size=\dimen151
LaTeX Font Info:    Redeclaring font encoding OML on input line 743.
LaTeX Font Info:    Redeclaring font encoding OMS on input line 744.
\macc@depth=\count269
LaTeX Info: Redefining \bmod on input line 905.
LaTeX Info: Redefining \pmod on input line 910.
LaTeX Info: Redefining \smash on input line 940.
LaTeX Info: Redefining \relbar on input line 970.
LaTeX Info: Redefining \Relbar on input line 971.
\c@MaxMatrixCols=\count270
\dotsspace@=\muskip16
\c@parentequation=\count271
\dspbrk@lvl=\count272
\tag@help=\toks20
\row@=\count273
\column@=\count274
\maxfields@=\count275
\andhelp@=\toks21
\eqnshift@=\dimen152
\alignsep@=\dimen153
\tagshift@=\dimen154
\tagwidth@=\dimen155
\totwidth@=\dimen156
\lineht@=\dimen157
\@envbody=\toks22
\multlinegap=\skip51
\multlinetaggap=\skip52
\mathdisplay@stack=\toks23
LaTeX Info: Redefining \[ on input line 2953.
LaTeX Info: Redefining \] on input line 2954.
)
(C:\Users\william.gregory\AppData\Local\Programs\MiKTeX\tex/latex/amsfonts\amss
ymb.sty
Package: amssymb 2013/01/14 v3.01 AMS font symbols

(C:\Users\william.gregory\AppData\Local\Programs\MiKTeX\tex/latex/amsfonts\amsf
onts.sty
Package: amsfonts 2013/01/14 v3.01 Basic AMSFonts support
\symAMSa=\mathgroup4
\symAMSb=\mathgroup5
LaTeX Font Info:    Redeclaring math symbol \hbar on input line 98.
LaTeX Font Info:    Overwriting math alphabet `\mathfrak' in version `bold'
(Font)                  U/euf/m/n --> U/euf/b/n on input line 106.
))
(C:\Users\william.gregory\AppData\Local\Programs\MiKTeX\tex/latex/amscls\amsthm
.sty
Package: amsthm 2020/05/29 v2.20.6
\thm@style=\toks24
\thm@bodyfont=\toks25
\thm@headfont=\toks26
\thm@notefont=\toks27
\thm@headpunct=\toks28
\thm@preskip=\skip53
\thm@postskip=\skip54
\thm@headsep=\skip55
\dth@everypar=\toks29
)
(C:\Users\william.gregory\AppData\Local\Programs\MiKTeX\tex/latex/pgf/frontendl
ayer\tikz.sty
(C:\Users\william.gregory\AppData\Local\Programs\MiKTeX\tex/latex/pgf/basiclaye
r\pgf.sty
(C:\Users\william.gregory\AppData\Local\Programs\MiKTeX\tex/latex/pgf/utilities
\pgfrcs.sty
(C:\Users\william.gregory\AppData\Local\Programs\MiKTeX\tex/generic/pgf/utiliti
es\pgfutil-common.tex
\pgfutil@everybye=\toks30
\pgfutil@tempdima=\dimen158
\pgfutil@tempdimb=\dimen159
)
(C:\Users\william.gregory\AppData\Local\Programs\MiKTeX\tex/generic/pgf/utiliti
es\pgfutil-latex.def
\pgfutil@abb=\box53
)
(C:\Users\william.gregory\AppData\Local\Programs\MiKTeX\tex/generic/pgf/utiliti
es\pgfrcs.code.tex
(C:\Users\william.gregory\AppData\Local\Programs\MiKTeX\tex/generic/pgf\pgf.rev
ision.tex)
Package: pgfrcs 2023-01-15 v3.1.10 (3.1.10)
))
Package: pgf 2023-01-15 v3.1.10 (3.1.10)

(C:\Users\william.gregory\AppData\Local\Programs\MiKTeX\tex/latex/pgf/basiclaye
r\pgfcore.sty
(C:\Users\william.gregory\AppData\Local\Programs\MiKTeX\tex/latex/graphics\grap
hicx.sty
Package: graphicx 2021/09/16 v1.2d Enhanced LaTeX Graphics (DPC,SPQR)

(C:\Users\william.gregory\AppData\Local\Programs\MiKTeX\tex/latex/graphics\grap
hics.sty
Package: graphics 2022/03/10 v1.4e Standard LaTeX Graphics (DPC,SPQR)

(C:\Users\william.gregory\AppData\Local\Programs\MiKTeX\tex/latex/graphics\trig
.sty
Package: trig 2021/08/11 v1.11 sin cos tan (DPC)
)
(C:\Users\william.gregory\AppData\Local\Programs\MiKTeX\tex/latex/graphics-cfg\
graphics.cfg
File: graphics.cfg 2016/06/04 v1.11 sample graphics configuration
)
Package graphics Info: Driver file: pdftex.def on input line 107.

(C:\Users\william.gregory\AppData\Local\Programs\MiKTeX\tex/latex/graphics-def\
pdftex.def
File: pdftex.def 2022/09/22 v1.2b Graphics/color driver for pdftex
))
\Gin@req@height=\dimen160
\Gin@req@width=\dimen161
)
(C:\Users\william.gregory\AppData\Local\Programs\MiKTeX\tex/latex/pgf/systemlay
er\pgfsys.sty
(C:\Users\william.gregory\AppData\Local\Programs\MiKTeX\tex/generic/pgf/systeml
ayer\pgfsys.code.tex
Package: pgfsys 2023-01-15 v3.1.10 (3.1.10)

(C:\Users\william.gregory\AppData\Local\Programs\MiKTeX\tex/generic/pgf/utiliti
es\pgfkeys.code.tex
\pgfkeys@pathtoks=\toks31
\pgfkeys@temptoks=\toks32

(C:\Users\william.gregory\AppData\Local\Programs\MiKTeX\tex/generic/pgf/utiliti
es\pgfkeyslibraryfiltered.code.tex
\pgfkeys@tmptoks=\toks33
))
\pgf@x=\dimen162
\pgf@y=\dimen163
\pgf@xa=\dimen164
\pgf@ya=\dimen165
\pgf@xb=\dimen166
\pgf@yb=\dimen167
\pgf@xc=\dimen168
\pgf@yc=\dimen169
\pgf@xd=\dimen170
\pgf@yd=\dimen171
\w@pgf@writea=\write3
\r@pgf@reada=\read2
\c@pgf@counta=\count276
\c@pgf@countb=\count277
\c@pgf@countc=\count278
\c@pgf@countd=\count279
\t@pgf@toka=\toks34
\t@pgf@tokb=\toks35
\t@pgf@tokc=\toks36
\pgf@sys@id@count=\count280

(C:\Users\william.gregory\AppData\Local\Programs\MiKTeX\tex/generic/pgf/systeml
ayer\pgf.cfg
File: pgf.cfg 2023-01-15 v3.1.10 (3.1.10)
)
Driver file for pgf: pgfsys-pdftex.def

(C:\Users\william.gregory\AppData\Local\Programs\MiKTeX\tex/generic/pgf/systeml
ayer\pgfsys-pdftex.def
File: pgfsys-pdftex.def 2023-01-15 v3.1.10 (3.1.10)

(C:\Users\william.gregory\AppData\Local\Programs\MiKTeX\tex/generic/pgf/systeml
ayer\pgfsys-common-pdf.def
File: pgfsys-common-pdf.def 2023-01-15 v3.1.10 (3.1.10)
)))
(C:\Users\william.gregory\AppData\Local\Programs\MiKTeX\tex/generic/pgf/systeml
ayer\pgfsyssoftpath.code.tex
File: pgfsyssoftpath.code.tex 2023-01-15 v3.1.10 (3.1.10)
\pgfsyssoftpath@smallbuffer@items=\count281
\pgfsyssoftpath@bigbuffer@items=\count282
)
(C:\Users\william.gregory\AppData\Local\Programs\MiKTeX\tex/generic/pgf/systeml
ayer\pgfsysprotocol.code.tex
File: pgfsysprotocol.code.tex 2023-01-15 v3.1.10 (3.1.10)
))
(C:\Users\william.gregory\AppData\Local\Programs\MiKTeX\tex/latex/xcolor\xcolor
.sty
Package: xcolor 2023/11/15 v3.01 LaTeX color extensions (UK)

(C:\Users\william.gregory\AppData\Local\Programs\MiKTeX\tex/latex/graphics-cfg\
color.cfg
File: color.cfg 2016/01/02 v1.6 sample color configuration
)
Package xcolor Info: Driver file: pdftex.def on input line 274.

(C:\Users\william.gregory\AppData\Local\Programs\MiKTeX\tex/latex/graphics\math
color.ltx)
Package xcolor Info: Model `cmy' substituted by `cmy0' on input line 1350.
Package xcolor Info: Model `hsb' substituted by `rgb' on input line 1354.
Package xcolor Info: Model `RGB' extended on input line 1366.
Package xcolor Info: Model `HTML' substituted by `rgb' on input line 1368.
Package xcolor Info: Model `Hsb' substituted by `hsb' on input line 1369.
Package xcolor Info: Model `tHsb' substituted by `hsb' on input line 1370.
Package xcolor Info: Model `HSB' substituted by `hsb' on input line 1371.
Package xcolor Info: Model `Gray' substituted by `gray' on input line 1372.
Package xcolor Info: Model `wave' substituted by `hsb' on input line 1373.
)
(C:\Users\william.gregory\AppData\Local\Programs\MiKTeX\tex/generic/pgf/basicla
yer\pgfcore.code.tex
Package: pgfcore 2023-01-15 v3.1.10 (3.1.10)

(C:\Users\william.gregory\AppData\Local\Programs\MiKTeX\tex/generic/pgf/math\pg
fmath.code.tex
(C:\Users\william.gregory\AppData\Local\Programs\MiKTeX\tex/generic/pgf/math\pg
fmathutil.code.tex)
(C:\Users\william.gregory\AppData\Local\Programs\MiKTeX\tex/generic/pgf/math\pg
fmathparser.code.tex
\pgfmath@dimen=\dimen172
\pgfmath@count=\count283
\pgfmath@box=\box54
\pgfmath@toks=\toks37
\pgfmath@stack@operand=\toks38
\pgfmath@stack@operation=\toks39
)
(C:\Users\william.gregory\AppData\Local\Programs\MiKTeX\tex/generic/pgf/math\pg
fmathfunctions.code.tex)
(C:\Users\william.gregory\AppData\Local\Programs\MiKTeX\tex/generic/pgf/math\pg
fmathfunctions.basic.code.tex)
(C:\Users\william.gregory\AppData\Local\Programs\MiKTeX\tex/generic/pgf/math\pg
fmathfunctions.trigonometric.code.tex)
(C:\Users\william.gregory\AppData\Local\Programs\MiKTeX\tex/generic/pgf/math\pg
fmathfunctions.random.code.tex)
(C:\Users\william.gregory\AppData\Local\Programs\MiKTeX\tex/generic/pgf/math\pg
fmathfunctions.comparison.code.tex)
(C:\Users\william.gregory\AppData\Local\Programs\MiKTeX\tex/generic/pgf/math\pg
fmathfunctions.base.code.tex)
(C:\Users\william.gregory\AppData\Local\Programs\MiKTeX\tex/generic/pgf/math\pg
fmathfunctions.round.code.tex)
(C:\Users\william.gregory\AppData\Local\Programs\MiKTeX\tex/generic/pgf/math\pg
fmathfunctions.misc.code.tex)
(C:\Users\william.gregory\AppData\Local\Programs\MiKTeX\tex/generic/pgf/math\pg
fmathfunctions.integerarithmetics.code.tex)
(C:\Users\william.gregory\AppData\Local\Programs\MiKTeX\tex/generic/pgf/math\pg
fmathcalc.code.tex)
(C:\Users\william.gregory\AppData\Local\Programs\MiKTeX\tex/generic/pgf/math\pg
fmathfloat.code.tex
\c@pgfmathroundto@lastzeros=\count284
))
(C:\Users\william.gregory\AppData\Local\Programs\MiKTeX\tex/generic/pgf/math\pg
fint.code.tex)
(C:\Users\william.gregory\AppData\Local\Programs\MiKTeX\tex/generic/pgf/basicla
yer\pgfcorepoints.code.tex
File: pgfcorepoints.code.tex 2023-01-15 v3.1.10 (3.1.10)
\pgf@picminx=\dimen173
\pgf@picmaxx=\dimen174
\pgf@picminy=\dimen175
\pgf@picmaxy=\dimen176
\pgf@pathminx=\dimen177
\pgf@pathmaxx=\dimen178
\pgf@pathminy=\dimen179
\pgf@pathmaxy=\dimen180
\pgf@xx=\dimen181
\pgf@xy=\dimen182
\pgf@yx=\dimen183
\pgf@yy=\dimen184
\pgf@zx=\dimen185
\pgf@zy=\dimen186
)
(C:\Users\william.gregory\AppData\Local\Programs\MiKTeX\tex/generic/pgf/basicla
yer\pgfcorepathconstruct.code.tex
File: pgfcorepathconstruct.code.tex 2023-01-15 v3.1.10 (3.1.10)
\pgf@path@lastx=\dimen187
\pgf@path@lasty=\dimen188
)
(C:\Users\william.gregory\AppData\Local\Programs\MiKTeX\tex/generic/pgf/basicla
yer\pgfcorepathusage.code.tex
File: pgfcorepathusage.code.tex 2023-01-15 v3.1.10 (3.1.10)
\pgf@shorten@end@additional=\dimen189
\pgf@shorten@start@additional=\dimen190
)
(C:\Users\william.gregory\AppData\Local\Programs\MiKTeX\tex/generic/pgf/basicla
yer\pgfcorescopes.code.tex
File: pgfcorescopes.code.tex 2023-01-15 v3.1.10 (3.1.10)
\pgfpic=\box55
\pgf@hbox=\box56
\pgf@layerbox@main=\box57
\pgf@picture@serial@count=\count285
)
(C:\Users\william.gregory\AppData\Local\Programs\MiKTeX\tex/generic/pgf/basicla
yer\pgfcoregraphicstate.code.tex
File: pgfcoregraphicstate.code.tex 2023-01-15 v3.1.10 (3.1.10)
\pgflinewidth=\dimen191
)
(C:\Users\william.gregory\AppData\Local\Programs\MiKTeX\tex/generic/pgf/basicla
yer\pgfcoretransformations.code.tex
File: pgfcoretransformations.code.tex 2023-01-15 v3.1.10 (3.1.10)
\pgf@pt@x=\dimen192
\pgf@pt@y=\dimen193
\pgf@pt@temp=\dimen194
)
(C:\Users\william.gregory\AppData\Local\Programs\MiKTeX\tex/generic/pgf/basicla
yer\pgfcorequick.code.tex
File: pgfcorequick.code.tex 2023-01-15 v3.1.10 (3.1.10)
)
(C:\Users\william.gregory\AppData\Local\Programs\MiKTeX\tex/generic/pgf/basicla
yer\pgfcoreobjects.code.tex
File: pgfcoreobjects.code.tex 2023-01-15 v3.1.10 (3.1.10)
)
(C:\Users\william.gregory\AppData\Local\Programs\MiKTeX\tex/generic/pgf/basicla
yer\pgfcorepathprocessing.code.tex
File: pgfcorepathprocessing.code.tex 2023-01-15 v3.1.10 (3.1.10)
)
(C:\Users\william.gregory\AppData\Local\Programs\MiKTeX\tex/generic/pgf/basicla
yer\pgfcorearrows.code.tex
File: pgfcorearrows.code.tex 2023-01-15 v3.1.10 (3.1.10)
\pgfarrowsep=\dimen195
)
(C:\Users\william.gregory\AppData\Local\Programs\MiKTeX\tex/generic/pgf/basicla
yer\pgfcoreshade.code.tex
File: pgfcoreshade.code.tex 2023-01-15 v3.1.10 (3.1.10)
\pgf@max=\dimen196
\pgf@sys@shading@range@num=\count286
\pgf@shadingcount=\count287
)
(C:\Users\william.gregory\AppData\Local\Programs\MiKTeX\tex/generic/pgf/basicla
yer\pgfcoreimage.code.tex
File: pgfcoreimage.code.tex 2023-01-15 v3.1.10 (3.1.10)
)
(C:\Users\william.gregory\AppData\Local\Programs\MiKTeX\tex/generic/pgf/basicla
yer\pgfcoreexternal.code.tex
File: pgfcoreexternal.code.tex 2023-01-15 v3.1.10 (3.1.10)
\pgfexternal@startupbox=\box58
)
(C:\Users\william.gregory\AppData\Local\Programs\MiKTeX\tex/generic/pgf/basicla
yer\pgfcorelayers.code.tex
File: pgfcorelayers.code.tex 2023-01-15 v3.1.10 (3.1.10)
)
(C:\Users\william.gregory\AppData\Local\Programs\MiKTeX\tex/generic/pgf/basicla
yer\pgfcoretransparency.code.tex
File: pgfcoretransparency.code.tex 2023-01-15 v3.1.10 (3.1.10)
)
(C:\Users\william.gregory\AppData\Local\Programs\MiKTeX\tex/generic/pgf/basicla
yer\pgfcorepatterns.code.tex
File: pgfcorepatterns.code.tex 2023-01-15 v3.1.10 (3.1.10)
)
(C:\Users\william.gregory\AppData\Local\Programs\MiKTeX\tex/generic/pgf/basicla
yer\pgfcorerdf.code.tex
File: pgfcorerdf.code.tex 2023-01-15 v3.1.10 (3.1.10)
)))
(C:\Users\william.gregory\AppData\Local\Programs\MiKTeX\tex/generic/pgf/modules
\pgfmoduleshapes.code.tex
File: pgfmoduleshapes.code.tex 2023-01-15 v3.1.10 (3.1.10)
\pgfnodeparttextbox=\box59
)
(C:\Users\william.gregory\AppData\Local\Programs\MiKTeX\tex/generic/pgf/modules
\pgfmoduleplot.code.tex
File: pgfmoduleplot.code.tex 2023-01-15 v3.1.10 (3.1.10)
)
(C:\Users\william.gregory\AppData\Local\Programs\MiKTeX\tex/latex/pgf/compatibi
lity\pgfcomp-version-0-65.sty
Package: pgfcomp-version-0-65 2023-01-15 v3.1.10 (3.1.10)
\pgf@nodesepstart=\dimen197
\pgf@nodesepend=\dimen198
)
(C:\Users\william.gregory\AppData\Local\Programs\MiKTeX\tex/latex/pgf/compatibi
lity\pgfcomp-version-1-18.sty
Package: pgfcomp-version-1-18 2023-01-15 v3.1.10 (3.1.10)
))
(C:\Users\william.gregory\AppData\Local\Programs\MiKTeX\tex/latex/pgf/utilities
\pgffor.sty
(C:\Users\william.gregory\AppData\Local\Programs\MiKTeX\tex/latex/pgf/utilities
\pgfkeys.sty
(C:\Users\william.gregory\AppData\Local\Programs\MiKTeX\tex/generic/pgf/utiliti
es\pgfkeys.code.tex))
(C:\Users\william.gregory\AppData\Local\Programs\MiKTeX\tex/latex/pgf/math\pgfm
ath.sty
(C:\Users\william.gregory\AppData\Local\Programs\MiKTeX\tex/generic/pgf/math\pg
fmath.code.tex))
(C:\Users\william.gregory\AppData\Local\Programs\MiKTeX\tex/generic/pgf/utiliti
es\pgffor.code.tex
Package: pgffor 2023-01-15 v3.1.10 (3.1.10)
\pgffor@iter=\dimen199
\pgffor@skip=\dimen256
\pgffor@stack=\toks40
\pgffor@toks=\toks41
))
(C:\Users\william.gregory\AppData\Local\Programs\MiKTeX\tex/generic/pgf/fronten
dlayer/tikz\tikz.code.tex
Package: tikz 2023-01-15 v3.1.10 (3.1.10)

(C:\Users\william.gregory\AppData\Local\Programs\MiKTeX\tex/generic/pgf/librari
es\pgflibraryplothandlers.code.tex
File: pgflibraryplothandlers.code.tex 2023-01-15 v3.1.10 (3.1.10)
\pgf@plot@mark@count=\count288
\pgfplotmarksize=\dimen257
)
\tikz@lastx=\dimen258
\tikz@lasty=\dimen259
\tikz@lastxsaved=\dimen260
\tikz@lastysaved=\dimen261
\tikz@lastmovetox=\dimen262
\tikz@lastmovetoy=\dimen263
\tikzleveldistance=\dimen264
\tikzsiblingdistance=\dimen265
\tikz@figbox=\box60
\tikz@figbox@bg=\box61
\tikz@tempbox=\box62
\tikz@tempbox@bg=\box63
\tikztreelevel=\count289
\tikznumberofchildren=\count290
\tikznumberofcurrentchild=\count291
\tikz@fig@count=\count292

(C:\Users\william.gregory\AppData\Local\Programs\MiKTeX\tex/generic/pgf/modules
\pgfmodulematrix.code.tex
File: pgfmodulematrix.code.tex 2023-01-15 v3.1.10 (3.1.10)
\pgfmatrixcurrentrow=\count293
\pgfmatrixcurrentcolumn=\count294
\pgf@matrix@numberofcolumns=\count295
)
\tikz@expandcount=\count296

(C:\Users\william.gregory\AppData\Local\Programs\MiKTeX\tex/generic/pgf/fronten
dlayer/tikz/libraries\tikzlibrarytopaths.code.tex
File: tikzlibrarytopaths.code.tex 2023-01-15 v3.1.10 (3.1.10)
)))
(C:\Users\william.gregory\AppData\Local\Programs\MiKTeX\tex/latex/listings\list
ings.sty
\lst@mode=\count297
\lst@gtempboxa=\box64
\lst@token=\toks42
\lst@length=\count298
\lst@currlwidth=\dimen266
\lst@column=\count299
\lst@pos=\count300
\lst@lostspace=\dimen267
\lst@width=\dimen268
\lst@newlines=\count301
\lst@lineno=\count302
\lst@maxwidth=\dimen269

(C:\Users\william.gregory\AppData\Local\Programs\MiKTeX\tex/latex/listings\lstm
isc.sty
File: lstmisc.sty 2023/02/27 1.9 (Carsten Heinz)
\c@lstnumber=\count303
\lst@skipnumbers=\count304
\lst@framebox=\box65
)
(C:\Users\william.gregory\AppData\Local\Programs\MiKTeX\tex/latex/listings\list
ings.cfg
File: listings.cfg 2023/02/27 1.9 listings configuration
))
Package: listings 2023/02/27 1.9 (Carsten Heinz)

(C:\Users\william.gregory\AppData\Local\Programs\MiKTeX\tex/latex/fancyhdr\fanc
yhdr.sty
Package: fancyhdr 2025/02/07 v5.2 Extensive control of page headers and footers

\f@nch@headwidth=\skip56
\f@nch@offset@elh=\skip57
\f@nch@offset@erh=\skip58
\f@nch@offset@olh=\skip59
\f@nch@offset@orh=\skip60
\f@nch@offset@elf=\skip61
\f@nch@offset@erf=\skip62
\f@nch@offset@olf=\skip63
\f@nch@offset@orf=\skip64
\f@nch@height=\skip65
\f@nch@footalignment=\skip66
\f@nch@widthL=\skip67
\f@nch@widthC=\skip68
\f@nch@widthR=\skip69
\@temptokenb=\toks43
)
(C:\Users\william.gregory\AppData\Local\Programs\MiKTeX\tex/latex/colortbl\colo
rtbl.sty
Package: colortbl 2024/10/29 v1.0k Color table columns (DPC)

(C:\Users\william.gregory\AppData\Local\Programs\MiKTeX\tex/latex/tools\array.s
ty
Package: array 2023/10/16 v2.5g Tabular extension package (FMi)
\col@sep=\dimen270
\ar@mcellbox=\box66
\extrarowheight=\dimen271
\NC@list=\toks44
\extratabsurround=\skip70
\backup@length=\skip71
\ar@cellbox=\box67
)
\everycr=\toks45
\minrowclearance=\skip72
\rownum=\count305
)
(C:\Users\william.gregory\AppData\Local\Programs\MiKTeX\tex/latex/caption\capti
on.sty
Package: caption 2023/08/05 v3.6o Customizing captions (AR)

(C:\Users\william.gregory\AppData\Local\Programs\MiKTeX\tex/latex/caption\capti
on3.sty
Package: caption3 2023/07/31 v2.4d caption3 kernel (AR)
\caption@tempdima=\dimen272
\captionmargin=\dimen273
\caption@leftmargin=\dimen274
\caption@rightmargin=\dimen275
\caption@width=\dimen276
\caption@indent=\dimen277
\caption@parindent=\dimen278
\caption@hangindent=\dimen279
Package caption Info: Standard document class detected.
)
\c@caption@flags=\count306
\c@continuedfloat=\count307
Package caption Info: listings package is loaded.
)
(C:\Users\william.gregory\AppData\Local\Programs\MiKTeX\tex/generic/pgf/fronten
dlayer/tikz/libraries\tikzlibraryautomata.code.tex
File: tikzlibraryautomata.code.tex 2023-01-15 v3.1.10 (3.1.10)

(C:\Users\william.gregory\AppData\Local\Programs\MiKTeX\tex/generic/pgf/fronten
dlayer/tikz/libraries\tikzlibraryshapes.multipart.code.tex
File: tikzlibraryshapes.multipart.code.tex 2023-01-15 v3.1.10 (3.1.10)

(C:\Users\william.gregory\AppData\Local\Programs\MiKTeX\tex/generic/pgf/librari
es/shapes\pgflibraryshapes.multipart.code.tex
File: pgflibraryshapes.multipart.code.tex 2023-01-15 v3.1.10 (3.1.10)
\pgfnodepartlowerbox=\box68
\pgfnodeparttwobox=\box69
\pgfnodepartthreebox=\box70
\pgfnodepartfourbox=\box71
\pgfnodeparttwentybox=\box72
\pgfnodepartnineteenbox=\box73
\pgfnodeparteighteenbox=\box74
\pgfnodepartseventeenbox=\box75
\pgfnodepartsixteenbox=\box76
\pgfnodepartfifteenbox=\box77
\pgfnodepartfourteenbox=\box78
\pgfnodepartthirteenbox=\box79
\pgfnodeparttwelvebox=\box80
\pgfnodepartelevenbox=\box81
\pgfnodeparttenbox=\box82
\pgfnodepartninebox=\box83
\pgfnodeparteightbox=\box84
\pgfnodepartsevenbox=\box85
\pgfnodepartsixbox=\box86
\pgfnodepartfivebox=\box87
)))
(C:\Users\william.gregory\AppData\Local\Programs\MiKTeX\tex/generic/pgf/fronten
dlayer/tikz/libraries\tikzlibrarypositioning.code.tex
File: tikzlibrarypositioning.code.tex 2023-01-15 v3.1.10 (3.1.10)
)
(C:\Users\william.gregory\AppData\Local\Programs\MiKTeX\tex/latex/psnfss\helvet
.sty
Package: helvet 2020/03/25 PSNFSS-v9.3 (WaS) 
)
(C:\Users\william.gregory\AppData\Local\Programs\MiKTeX\tex/latex/enumitem\enum
item.sty
Package: enumitem 2025/02/06 v3.11 Customized lists
\labelindent=\skip73
\enit@outerparindent=\dimen280
\enit@toks=\toks46
\enit@inbox=\box88
\enit@count@id=\count308
\enitdp@description=\count309
)
(C:\Users\william.gregory\AppData\Local\Programs\MiKTeX\tex/latex/titlesec\titl
esec.sty
Package: titlesec 2025/01/04 v2.17 Sectioning titles
\ttl@box=\box89
\beforetitleunit=\skip74
\aftertitleunit=\skip75
\ttl@plus=\dimen281
\ttl@minus=\dimen282
\ttl@toksa=\toks47
\titlewidth=\dimen283
\titlewidthlast=\dimen284
\titlewidthfirst=\dimen285
)
(C:\Users\william.gregory\AppData\Local\Programs\MiKTeX\tex/latex/tcolorbox\tco
lorbox.sty
Package: tcolorbox 2024/01/10 version 6.2.0 text color boxes

(C:\Users\william.gregory\AppData\Local\Programs\MiKTeX\tex/latex/tools\verbati
m.sty
Package: verbatim 2023-11-06 v1.5v LaTeX2e package for verbatim enhancements
\every@verbatim=\toks48
\verbatim@line=\toks49
\verbatim@in@stream=\read3
)
(C:\Users\william.gregory\AppData\Local\Programs\MiKTeX\tex/latex/environ\envir
on.sty
Package: environ 2014/05/04 v0.3 A new way to define environments

(C:\Users\william.gregory\AppData\Local\Programs\MiKTeX\tex/latex/trimspaces\tr
imspaces.sty
Package: trimspaces 2009/09/17 v1.1 Trim spaces around a token list
))
(C:\Users\william.gregory\AppData\Local\Programs\MiKTeX\tex/latex/etoolbox\etoo
lbox.sty
Package: etoolbox 2020/10/05 v2.5k e-TeX tools for LaTeX (JAW)
\etb@tempcnta=\count310
)
\tcb@titlebox=\box90
\tcb@upperbox=\box91
\tcb@lowerbox=\box92
\tcb@phantombox=\box93
\c@tcbbreakpart=\count311
\c@tcblayer=\count312
\c@tcolorbox@number=\count313
\l__tcobox_tmpa_box=\box94
\l__tcobox_tmpa_dim=\dimen286
\tcb@temp=\box95
\tcb@temp=\box96
\tcb@temp=\box97
\tcb@temp=\box98
)
(C:\Users\william.gregory\AppData\Local\Programs\MiKTeX\tex/latex/tcolorbox\tcb
theorems.code.tex
Library (tcolorbox): 'tcbtheorems.code.tex' version '6.2.0'
)
\c@tcb@cnt@definition=\count314
\c@theorem=\count315
\c@lemma=\count316
\c@corollary=\count317

(C:\Users\william.gregory\AppData\Local\Programs\MiKTeX\tex/latex/l3backend\l3b
ackend-pdftex.def
File: l3backend-pdftex.def 2024-01-04 L3 backend support: PDF output (pdfTeX)
\l__color_backend_stack_int=\count318
\l__pdf_internal_box=\box99
)
(C:\Users\william.gregory\OneDrive - West Point\Documents\GitHub\CS474\phase3\t
uring_machines\out\tm_steps.aux)
\openout1 = `tm_steps.aux'.

LaTeX Font Info:    Checking defaults for OML/cmm/m/it on input line 63.
LaTeX Font Info:    ... okay on input line 63.
LaTeX Font Info:    Checking defaults for OMS/cmsy/m/n on input line 63.
LaTeX Font Info:    ... okay on input line 63.
LaTeX Font Info:    Checking defaults for OT1/cmr/m/n on input line 63.
LaTeX Font Info:    ... okay on input line 63.
LaTeX Font Info:    Checking defaults for T1/cmr/m/n on input line 63.
LaTeX Font Info:    ... okay on input line 63.
LaTeX Font Info:    Checking defaults for TS1/cmr/m/n on input line 63.
LaTeX Font Info:    ... okay on input line 63.
LaTeX Font Info:    Checking defaults for OMX/cmex/m/n on input line 63.
LaTeX Font Info:    ... okay on input line 63.
LaTeX Font Info:    Checking defaults for U/cmr/m/n on input line 63.
LaTeX Font Info:    ... okay on input line 63.

*geometry* driver: auto-detecting
*geometry* detected driver: pdftex
*geometry* verbose mode - [ preamble ] result:
* driver: pdftex
* paper: a4paper
* layout: <same size as paper>
* layoutoffset:(h,v)=(0.0pt,0.0pt)
* modes: 
* h-part:(L,W,R)=(72.26999pt, 452.9679pt, 72.26999pt)
* v-part:(T,H,B)=(72.26999pt, 700.50687pt, 72.26999pt)
* \paperwidth=597.50787pt
* \paperheight=845.04684pt
* \textwidth=452.9679pt
* \textheight=700.50687pt
* \oddsidemargin=0.0pt
* \evensidemargin=0.0pt
* \topmargin=-37.0pt
* \headheight=15.0pt
* \headsep=10.0pt
* \topskip=10.0pt
* \footskip=30.0pt
* \marginparwidth=65.0pt
* \marginparsep=11.0pt
* \columnsep=10.0pt
* \skip\footins=9.0pt plus 4.0pt minus 2.0pt
* \hoffset=0.0pt
* \voffset=0.0pt
* \mag=1000
* \@twocolumnfalse
* \@twosidefalse
* \@mparswitchfalse
* \@reversemarginfalse
* (1in=72.27pt=25.4mm, 1cm=28.453pt)


(C:\Users\william.gregory\AppData\Local\Programs\MiKTeX\tex/context/base/mkii\s
upp-pdf.mkii
[Loading MPS to PDF converter (version 2006.09.02).]
\scratchcounter=\count319
\scratchdimen=\dimen287
\scratchbox=\box100
\nofMPsegments=\count320
\nofMParguments=\count321
\everyMPshowfont=\toks50
\MPscratchCnt=\count322
\MPscratchDim=\dimen288
\MPnumerator=\count323
\makeMPintoPDFobject=\count324
\everyMPtoPDFconversion=\toks51
)
(C:\Users\william.gregory\AppData\Local\Programs\MiKTeX\tex/latex/epstopdf-pkg\
epstopdf-base.sty
Package: epstopdf-base 2020-01-24 v2.11 Base part for package epstopdf
Package epstopdf-base Info: Redefining graphics rule for `.eps' on input line 4
85.

(C:\Users\william.gregory\AppData\Local\Programs\MiKTeX\tex/latex/00miktex\epst
opdf-sys.cfg
File: epstopdf-sys.cfg 2021/03/18 v2.0 Configuration of epstopdf for MiKTeX
))
\c@lstlisting=\count325
Package caption Info: Begin \AtBeginDocument code.
Package caption Info: End \AtBeginDocument code.
LaTeX Font Info:    Trying to load font information for U+msa on input line 68.


(C:\Users\william.gregory\AppData\Local\Programs\MiKTeX\tex/latex/amsfonts\umsa
.fd
File: umsa.fd 2013/01/14 v3.01 AMS symbols A
)
LaTeX Font Info:    Trying to load font information for U+msb on input line 68.


(C:\Users\william.gregory\AppData\Local\Programs\MiKTeX\tex/latex/amsfonts\umsb
.fd
File: umsb.fd 2013/01/14 v3.01 AMS symbols B
)
Underfull \hbox (badness 10000) in paragraph at lines 71--72

 []


Overfull \hbox (34.94977pt too wide) in paragraph at lines 104--105
\OT1/cmr/m/n/10 The tran-si-tion func-tion $\OML/cmm/m/it/10 ^^N$ \OT1/cmr/m/n/
10 is de-fined in the fol-low-ing ta-ble. Each cell shows the out-put $(\OML/cm
m/m/it/10 write; direction; new[]state\OT1/cmr/m/n/10 )$
 []

[1{C:/Users/william.gregory/AppData/Local/MiKTeX/fonts/map/pdftex/pdftex.map}

]
<out/plots/plot1.png, id=22, 722.7pt x 144.54pt>
File: out/plots/plot1.png Graphic file (type png)
<use out/plots/plot1.png>
Package pdftex.def Info: out/plots/plot1.png  used on input line 136.
(pdftex.def)             Requested size: 407.66833pt x 81.5329pt.
<out/plots/plot2.png, id=24, 722.7pt x 289.08pt>
File: out/plots/plot2.png Graphic file (type png)
<use out/plots/plot2.png>
Package pdftex.def Info: out/plots/plot2.png  used on input line 169.
(pdftex.def)             Requested size: 407.66833pt x 163.06583pt.

[2 <./out/plots/plot1.png> <./out/plots/plot2.png>]
<out/plots/plot3.png, id=35, 722.7pt x 289.08pt>
File: out/plots/plot3.png Graphic file (type png)
<use out/plots/plot3.png>
Package pdftex.def Info: out/plots/plot3.png  used on input line 203.
(pdftex.def)             Requested size: 407.66833pt x 163.06583pt.
<out/plots/plot4.png, id=36, 722.7pt x 289.08pt>
File: out/plots/plot4.png Graphic file (type png)
<use out/plots/plot4.png>
Package pdftex.def Info: out/plots/plot4.png  used on input line 236.
(pdftex.def)             Requested size: 407.66833pt x 163.06583pt.
 [3

 <./out/plots/plot3.png>] [4 <./out/plots/plot4.png>]
<out/plots/plot5.png, id=45, 722.7pt x 289.08pt>
File: out/plots/plot5.png Graphic file (type png)
<use out/plots/plot5.png>
Package pdftex.def Info: out/plots/plot5.png  used on input line 270.
(pdftex.def)             Requested size: 407.66833pt x 163.06583pt.
<out/plots/plot6.png, id=46, 722.7pt x 289.08pt>
File: out/plots/plot6.png Graphic file (type png)
<use out/plots/plot6.png>
Package pdftex.def Info: out/plots/plot6.png  used on input line 303.
(pdftex.def)             Requested size: 407.66833pt x 163.06583pt.
 [5

 <./out/plots/plot5.png>] [6 <./out/plots/plot6.png>]
<out/plots/plot7.png, id=55, 722.7pt x 289.08pt>
File: out/plots/plot7.png Graphic file (type png)
<use out/plots/plot7.png>
Package pdftex.def Info: out/plots/plot7.png  used on input line 337.
(pdftex.def)             Requested size: 407.66833pt x 163.06583pt.
<out/plots/plot8.png, id=56, 722.7pt x 289.08pt>
File: out/plots/plot8.png Graphic file (type png)
<use out/plots/plot8.png>
Package pdftex.def Info: out/plots/plot8.png  used on input line 370.
(pdftex.def)             Requested size: 407.66833pt x 163.06583pt.
 [7

 <./out/plots/plot7.png>] [8 <./out/plots/plot8.png>]
<out/plots/plot9.png, id=66, 722.7pt x 289.08pt>
File: out/plots/plot9.png Graphic file (type png)
<use out/plots/plot9.png>
Package pdftex.def Info: out/plots/plot9.png  used on input line 404.
(pdftex.def)             Requested size: 407.66833pt x 163.06583pt.
<out/plots/plot10.png, id=67, 722.7pt x 289.08pt>
File: out/plots/plot10.png Graphic file (type png)
<use out/plots/plot10.png>
Package pdftex.def Info: out/plots/plot10.png  used on input line 437.
(pdftex.def)             Requested size: 407.66833pt x 163.06583pt.
 [9

 <./out/plots/plot9.png>] [10 <./out/plots/plot10.png>]
<out/plots/plot11.png, id=76, 722.7pt x 289.08pt>
File: out/plots/plot11.png Graphic file (type png)
<use out/plots/plot11.png>
Package pdftex.def Info: out/plots/plot11.png  used on input line 471.
(pdftex.def)             Requested size: 407.66833pt x 163.06583pt.
<out/plots/plot12.png, id=77, 722.7pt x 289.08pt>
File: out/plots/plot12.png Graphic file (type png)
<use out/plots/plot12.png>
Package pdftex.def Info: out/plots/plot12.png  used on input line 504.
(pdftex.def)             Requested size: 407.66833pt x 163.06583pt.
 [11

 <./out/plots/plot11.png>] [12 <./out/plots/plot12.png>]
<out/plots/plot13.png, id=86, 722.7pt x 289.08pt>
File: out/plots/plot13.png Graphic file (type png)
<use out/plots/plot13.png>
Package pdftex.def Info: out/plots/plot13.png  used on input line 538.
(pdftex.def)             Requested size: 407.66833pt x 163.06583pt.
<out/plots/plot14.png, id=87, 722.7pt x 289.08pt>
File: out/plots/plot14.png Graphic file (type png)
<use out/plots/plot14.png>
Package pdftex.def Info: out/plots/plot14.png  used on input line 571.
(pdftex.def)             Requested size: 407.66833pt x 163.06583pt.
 [13

 <./out/plots/plot13.png>] [14 <./out/plots/plot14.png>]
<out/plots/plot15.png, id=97, 722.7pt x 289.08pt>
File: out/plots/plot15.png Graphic file (type png)
<use out/plots/plot15.png>
Package pdftex.def Info: out/plots/plot15.png  used on input line 605.
(pdftex.def)             Requested size: 407.66833pt x 163.06583pt.
<out/plots/plot16.png, id=98, 722.7pt x 289.08pt>
File: out/plots/plot16.png Graphic file (type png)
<use out/plots/plot16.png>
Package pdftex.def Info: out/plots/plot16.png  used on input line 638.
(pdftex.def)             Requested size: 407.66833pt x 163.06583pt.
 [15

 <./out/plots/plot15.png>] [16 <./out/plots/plot16.png>]
<out/plots/plot17.png, id=107, 722.7pt x 289.08pt>
File: out/plots/plot17.png Graphic file (type png)
<use out/plots/plot17.png>
Package pdftex.def Info: out/plots/plot17.png  used on input line 672.
(pdftex.def)             Requested size: 407.66833pt x 163.06583pt.
<out/plots/plot18.png, id=108, 722.7pt x 289.08pt>
File: out/plots/plot18.png Graphic file (type png)
<use out/plots/plot18.png>
Package pdftex.def Info: out/plots/plot18.png  used on input line 705.
(pdftex.def)             Requested size: 407.66833pt x 163.06583pt.
 [17

 <./out/plots/plot17.png>] [18 <./out/plots/plot18.png>]
<out/plots/plot19.png, id=117, 722.7pt x 289.08pt>
File: out/plots/plot19.png Graphic file (type png)
<use out/plots/plot19.png>
Package pdftex.def Info: out/plots/plot19.png  used on input line 739.
(pdftex.def)             Requested size: 407.66833pt x 163.06583pt.
<out/plots/plot20.png, id=118, 722.7pt x 289.08pt>
File: out/plots/plot20.png Graphic file (type png)
<use out/plots/plot20.png>
Package pdftex.def Info: out/plots/plot20.png  used on input line 772.
(pdftex.def)             Requested size: 407.66833pt x 163.06583pt.
 [19

 <./out/plots/plot19.png>]
[20 <./out/plots/plot20.png>]
<out/plots/plot21.png, id=128, 722.7pt x 289.08pt>
File: out/plots/plot21.png Graphic file (type png)
<use out/plots/plot21.png>
Package pdftex.def Info: out/plots/plot21.png  used on input line 806.
(pdftex.def)             Requested size: 407.66833pt x 163.06583pt.
<out/plots/plot22.png, id=129, 722.7pt x 289.08pt>
File: out/plots/plot22.png Graphic file (type png)
<use out/plots/plot22.png>
Package pdftex.def Info: out/plots/plot22.png  used on input line 839.
(pdftex.def)             Requested size: 407.66833pt x 163.06583pt.
 [21

 <./out/plots/plot21.png>] [22 <./out/plots/plot22.png>]
<out/plots/plot23.png, id=138, 722.7pt x 289.08pt>
File: out/plots/plot23.png Graphic file (type png)
<use out/plots/plot23.png>
Package pdftex.def Info: out/plots/plot23.png  used on input line 873.
(pdftex.def)             Requested size: 407.66833pt x 163.06583pt.
<out/plots/plot24.png, id=139, 722.7pt x 289.08pt>
File: out/plots/plot24.png Graphic file (type png)
<use out/plots/plot24.png>
Package pdftex.def Info: out/plots/plot24.png  used on input line 906.
(pdftex.def)             Requested size: 407.66833pt x 163.06583pt.
 [23

 <./out/plots/plot23.png>] [24 <./out/plots/plot24.png>]
<out/plots/plot25.png, id=148, 722.7pt x 289.08pt>
File: out/plots/plot25.png Graphic file (type png)
<use out/plots/plot25.png>
Package pdftex.def Info: out/plots/plot25.png  used on input line 940.
(pdftex.def)             Requested size: 407.66833pt x 163.06583pt.
<out/plots/plot26.png, id=149, 722.7pt x 289.08pt>
File: out/plots/plot26.png Graphic file (type png)
<use out/plots/plot26.png>
Package pdftex.def Info: out/plots/plot26.png  used on input line 973.
(pdftex.def)             Requested size: 407.66833pt x 163.06583pt.
 [25

 <./out/plots/plot25.png>] [26 <./out/plots/plot26.png>]
<out/plots/plot27.png, id=159, 722.7pt x 289.08pt>
File: out/plots/plot27.png Graphic file (type png)
<use out/plots/plot27.png>
Package pdftex.def Info: out/plots/plot27.png  used on input line 1007.
(pdftex.def)             Requested size: 407.66833pt x 163.06583pt.
<out/plots/plot28.png, id=160, 722.7pt x 289.08pt>
File: out/plots/plot28.png Graphic file (type png)
<use out/plots/plot28.png>
Package pdftex.def Info: out/plots/plot28.png  used on input line 1040.
(pdftex.def)             Requested size: 407.66833pt x 163.06583pt.
 [27

 <./out/plots/plot27.png>] [28 <./out/plots/plot28.png>]
<out/plots/plot29.png, id=169, 722.7pt x 289.08pt>
File: out/plots/plot29.png Graphic file (type png)
<use out/plots/plot29.png>
Package pdftex.def Info: out/plots/plot29.png  used on input line 1074.
(pdftex.def)             Requested size: 407.66833pt x 163.06583pt.
<out/plots/plot30.png, id=170, 722.7pt x 289.08pt>
File: out/plots/plot30.png Graphic file (type png)
<use out/plots/plot30.png>
Package pdftex.def Info: out/plots/plot30.png  used on input line 1107.
(pdftex.def)             Requested size: 407.66833pt x 163.06583pt.
 [29

 <./out/plots/plot29.png>] [30 <./out/plots/plot30.png>]
<out/plots/plot31.png, id=179, 722.7pt x 289.08pt>
File: out/plots/plot31.png Graphic file (type png)
<use out/plots/plot31.png>
Package pdftex.def Info: out/plots/plot31.png  used on input line 1141.
(pdftex.def)             Requested size: 407.66833pt x 163.06583pt.
<out/plots/plot32.png, id=180, 722.7pt x 289.08pt>
File: out/plots/plot32.png Graphic file (type png)
<use out/plots/plot32.png>
Package pdftex.def Info: out/plots/plot32.png  used on input line 1174.
(pdftex.def)             Requested size: 407.66833pt x 163.06583pt.
 [31

 <./out/plots/plot31.png>] [32 <./out/plots/plot32.png>]
<out/plots/plot33.png, id=190, 722.7pt x 289.08pt>
File: out/plots/plot33.png Graphic file (type png)
<use out/plots/plot33.png>
Package pdftex.def Info: out/plots/plot33.png  used on input line 1208.
(pdftex.def)             Requested size: 407.66833pt x 163.06583pt.
<out/plots/plot34.png, id=191, 722.7pt x 289.08pt>
File: out/plots/plot34.png Graphic file (type png)
<use out/plots/plot34.png>
Package pdftex.def Info: out/plots/plot34.png  used on input line 1241.
(pdftex.def)             Requested size: 407.66833pt x 163.06583pt.

[33

 <./out/plots/plot33.png>] [34 <./out/plots/plot34.png>]
<out/plots/plot35.png, id=200, 722.7pt x 289.08pt>
File: out/plots/plot35.png Graphic file (type png)
<use out/plots/plot35.png>
Package pdftex.def Info: out/plots/plot35.png  used on input line 1275.
(pdftex.def)             Requested size: 407.66833pt x 163.06583pt.
<out/plots/plot36.png, id=201, 722.7pt x 289.08pt>
File: out/plots/plot36.png Graphic file (type png)
<use out/plots/plot36.png>
Package pdftex.def Info: out/plots/plot36.png  used on input line 1308.
(pdftex.def)             Requested size: 407.66833pt x 163.06583pt.
 [35

 <./out/plots/plot35.png>] [36 <./out/plots/plot36.png>]
<out/plots/plot37.png, id=210, 722.7pt x 289.08pt>
File: out/plots/plot37.png Graphic file (type png)
<use out/plots/plot37.png>
Package pdftex.def Info: out/plots/plot37.png  used on input line 1342.
(pdftex.def)             Requested size: 407.66833pt x 163.06583pt.
<out/plots/plot38.png, id=211, 722.7pt x 289.08pt>
File: out/plots/plot38.png Graphic file (type png)
<use out/plots/plot38.png>
Package pdftex.def Info: out/plots/plot38.png  used on input line 1375.
(pdftex.def)             Requested size: 407.66833pt x 163.06583pt.
 [37

 <./out/plots/plot37.png>] [38 <./out/plots/plot38.png>]
<out/plots/plot39.png, id=221, 722.7pt x 289.08pt>
File: out/plots/plot39.png Graphic file (type png)
<use out/plots/plot39.png>
Package pdftex.def Info: out/plots/plot39.png  used on input line 1409.
(pdftex.def)             Requested size: 407.66833pt x 163.06583pt.
<out/plots/plot40.png, id=222, 722.7pt x 289.08pt>
File: out/plots/plot40.png Graphic file (type png)
<use out/plots/plot40.png>
Package pdftex.def Info: out/plots/plot40.png  used on input line 1442.
(pdftex.def)             Requested size: 407.66833pt x 163.06583pt.
 [39

 <./out/plots/plot39.png>] [40 <./out/plots/plot40.png>]
<out/plots/plot41.png, id=231, 722.7pt x 289.08pt>
File: out/plots/plot41.png Graphic file (type png)
<use out/plots/plot41.png>
Package pdftex.def Info: out/plots/plot41.png  used on input line 1476.
(pdftex.def)             Requested size: 407.66833pt x 163.06583pt.
<out/plots/plot42.png, id=232, 722.7pt x 289.08pt>
File: out/plots/plot42.png Graphic file (type png)
<use out/plots/plot42.png>
Package pdftex.def Info: out/plots/plot42.png  used on input line 1509.
(pdftex.def)             Requested size: 407.66833pt x 163.06583pt.
 [41

 <./out/plots/plot41.png>] [42 <./out/plots/plot42.png>]
<out/plots/plot43.png, id=241, 722.7pt x 289.08pt>
File: out/plots/plot43.png Graphic file (type png)
<use out/plots/plot43.png>
Package pdftex.def Info: out/plots/plot43.png  used on input line 1543.
(pdftex.def)             Requested size: 407.66833pt x 163.06583pt.
<out/plots/plot44.png, id=242, 722.7pt x 289.08pt>
File: out/plots/plot44.png Graphic file (type png)
<use out/plots/plot44.png>
Package pdftex.def Info: out/plots/plot44.png  used on input line 1576.
(pdftex.def)             Requested size: 407.66833pt x 163.06583pt.
 [43

 <./out/plots/plot43.png>] [44 <./out/plots/plot44.png>]
<out/plots/plot45.png, id=252, 722.7pt x 289.08pt>
File: out/plots/plot45.png Graphic file (type png)
<use out/plots/plot45.png>
Package pdftex.def Info: out/plots/plot45.png  used on input line 1610.
(pdftex.def)             Requested size: 407.66833pt x 163.06583pt.
<out/plots/plot46.png, id=253, 722.7pt x 289.08pt>
File: out/plots/plot46.png Graphic file (type png)
<use out/plots/plot46.png>
Package pdftex.def Info: out/plots/plot46.png  used on input line 1643.
(pdftex.def)             Requested size: 407.66833pt x 163.06583pt.
 [45

 <./out/plots/plot45.png>]
[46 <./out/plots/plot46.png>]
<out/plots/plot47.png, id=262, 722.7pt x 289.08pt>
File: out/plots/plot47.png Graphic file (type png)
<use out/plots/plot47.png>
Package pdftex.def Info: out/plots/plot47.png  used on input line 1677.
(pdftex.def)             Requested size: 407.66833pt x 163.06583pt.
<out/plots/plot48.png, id=263, 722.7pt x 289.08pt>
File: out/plots/plot48.png Graphic file (type png)
<use out/plots/plot48.png>
Package pdftex.def Info: out/plots/plot48.png  used on input line 1710.
(pdftex.def)             Requested size: 407.66833pt x 163.06583pt.
 [47

 <./out/plots/plot47.png>] [48 <./out/plots/plot48.png>]
<out/plots/plot49.png, id=272, 722.7pt x 289.08pt>
File: out/plots/plot49.png Graphic file (type png)
<use out/plots/plot49.png>
Package pdftex.def Info: out/plots/plot49.png  used on input line 1744.
(pdftex.def)             Requested size: 407.66833pt x 163.06583pt.
<out/plots/plot50.png, id=273, 722.7pt x 289.08pt>
File: out/plots/plot50.png Graphic file (type png)
<use out/plots/plot50.png>
Package pdftex.def Info: out/plots/plot50.png  used on input line 1777.
(pdftex.def)             Requested size: 407.66833pt x 163.06583pt.
 [49

 <./out/plots/plot49.png>] [50 <./out/plots/plot50.png>]
<out/plots/plot51.png, id=283, 722.7pt x 289.08pt>
File: out/plots/plot51.png Graphic file (type png)
<use out/plots/plot51.png>
Package pdftex.def Info: out/plots/plot51.png  used on input line 1811.
(pdftex.def)             Requested size: 407.66833pt x 163.06583pt.
 [51

 <./out/plots/plot51.png>]
(C:\Users\william.gregory\OneDrive - West Point\Documents\GitHub\CS474\phase3\t
uring_machines\out\tm_steps.aux)
 ***********
LaTeX2e <2023-11-01> patch level 1
L3 programming layer <2024-01-04>
 ***********
 ) 
Here is how much of TeX's memory you used:
 21087 strings out of 474486
 438444 string characters out of 5739035
 1953542 words of memory out of 5000000
 43060 multiletter control sequences out of 15000+600000
 569254 words of font info for 80 fonts, out of 8000000 for 9000
 1141 hyphenation exceptions out of 8191
 102i,14n,107p,875b,506s stack positions out of 10000i,1000n,20000p,200000b,200000s
 <C:\Users\william.gregory\AppData\Local\MiKTeX\fonts/pk/ljfour/jknappen/ec/d
pi600\tcrm1000.pk><C:/Users/william.gregory/AppData/Local/Programs/MiKTeX/fonts
/type1/public/amsfonts/cm/cmbx10.pfb><C:/Users/william.gregory/AppData/Local/Pr
ograms/MiKTeX/fonts/type1/public/amsfonts/cm/cmbx12.pfb><C:/Users/william.grego
ry/AppData/Local/Programs/MiKTeX/fonts/type1/public/amsfonts/cm/cmbx8.pfb><C:/U
sers/william.gregory/AppData/Local/Programs/MiKTeX/fonts/type1/public/amsfonts/
cm/cmbx9.pfb><C:/Users/william.gregory/AppData/Local/Programs/MiKTeX/fonts/type
1/public/amsfonts/cm/cmmi10.pfb><C:/Users/william.gregory/AppData/Local/Program
s/MiKTeX/fonts/type1/public/amsfonts/cm/cmmi7.pfb><C:/Users/william.gregory/App
Data/Local/Programs/MiKTeX/fonts/type1/public/amsfonts/cm/cmmi8.pfb><C:/Users/w
illiam.gregory/AppData/Local/Programs/MiKTeX/fonts/type1/public/amsfonts/cm/cmm
i9.pfb><C:/Users/william.gregory/AppData/Local/Programs/MiKTeX/fonts/type1/publ
ic/amsfonts/cm/cmr10.pfb><C:/Users/william.gregory/AppData/Local/Programs/MiKTe
X/fonts/type1/public/amsfonts/cm/cmr12.pfb><C:/Users/william.gregory/AppData/Lo
cal/Programs/MiKTeX/fonts/type1/public/amsfonts/cm/cmr6.pfb><C:/Users/william.g
regory/AppData/Local/Programs/MiKTeX/fonts/type1/public/amsfonts/cm/cmr7.pfb><C
:/Users/william.gregory/AppData/Local/Programs/MiKTeX/fonts/type1/public/amsfon
ts/cm/cmr8.pfb><C:/Users/william.gregory/AppData/Local/Programs/MiKTeX/fonts/ty
pe1/public/amsfonts/cm/cmr9.pfb><C:/Users/william.gregory/AppData/Local/Program
s/MiKTeX/fonts/type1/public/amsfonts/cm/cmsy10.pfb><C:/Users/william.gregory/Ap
pData/Local/Programs/MiKTeX/fonts/type1/public/amsfonts/cm/cmsy8.pfb><C:/Users/
william.gregory/AppData/Local/Programs/MiKTeX/fonts/type1/public/amsfonts/cm/cm
sy9.pfb><C:/Users/william.gregory/AppData/Local/Programs/MiKTeX/fonts/type1/pub
lic/amsfonts/cm/cmtt10.pfb>
Output written on "C:\Users\william.gregory\OneDrive - West Point\Documents\Git
Hub\CS474\phase3\turing_machines\out\tm_steps.pdf" (51 pages, 1146088 bytes).
PDF statistics:
 368 PDF objects out of 1000 (max. 8388607)
 0 named destinations out of 1000 (max. 500000)
 268 words of extra memory for PDF output out of 10000 (max. 10000000)

